D:\BINHLUANVAN\PMSV2\LV\PFSM\PFSM\DEBUG\MGPUUTIL.OBJ
D:\BINHLUANVAN\PMSV2\LV\PFSM\PFSM\DEBUG\VC110.PDB
D:\BINHLUANVAN\PMSV2\LV\PFSM\DEBUG\PFSM.ILK
D:\BINHLUANVAN\PMSV2\LV\PFSM\DEBUG\PFSM.EXE
D:\BINHLUANVAN\PMSV2\LV\PFSM\DEBUG\PFSM.PDB
D:\BinhLuanVan\PMSv2\LV\PFSM\PFSM\Debug\dfs.cu.cache
D:\BinhLuanVan\PMSv2\LV\PFSM\PFSM\Debug\graph.cu.cache
D:\BinhLuanVan\PMSv2\LV\PFSM\PFSM\Debug\gspan.cu.cache
D:\BinhLuanVan\PMSv2\LV\PFSM\PFSM\Debug\ismin.cu.cache
D:\BinhLuanVan\PMSv2\LV\PFSM\PFSM\Debug\kernelCastingInt2Float.cu.cache
D:\BinhLuanVan\PMSv2\LV\PFSM\PFSM\Debug\main.cu.cache
D:\BinhLuanVan\PMSv2\LV\PFSM\PFSM\Debug\mgpucontext.cu.cache
D:\BinhLuanVan\PMSv2\LV\PFSM\PFSM\Debug\misc.cu.cache
D:\BinhLuanVan\PMSv2\LV\PFSM\PFSM\Debug\pms.cu.cache
D:\BinhLuanVan\PMSv2\LV\PFSM\PFSM\Debug\reduction.cu.cache
D:\BinhLuanVan\PMSv2\LV\PFSM\PFSM\Debug\scanV.cu.cache
D:\BinhLuanVan\PMSv2\LV\PFSM\PFSM\Debug\scan_largearray_kernel.cu.cache
D:\BinhLuanVan\PMSv2\LV\PFSM\PFSM\Debug\dfs.cu.obj
D:\BinhLuanVan\PMSv2\LV\PFSM\PFSM\Debug\graph.cu.obj
D:\BinhLuanVan\PMSv2\LV\PFSM\PFSM\Debug\gspan.cu.obj
D:\BinhLuanVan\PMSv2\LV\PFSM\PFSM\Debug\ismin.cu.obj
D:\BinhLuanVan\PMSv2\LV\PFSM\PFSM\Debug\kernelCastingInt2Float.cu.obj
D:\BinhLuanVan\PMSv2\LV\PFSM\PFSM\Debug\main.cu.obj
D:\BinhLuanVan\PMSv2\LV\PFSM\PFSM\Debug\mgpucontext.cu.obj
D:\BinhLuanVan\PMSv2\LV\PFSM\PFSM\Debug\mgpuutil.obj
D:\BinhLuanVan\PMSv2\LV\PFSM\PFSM\Debug\misc.cu.obj
D:\BinhLuanVan\PMSv2\LV\PFSM\PFSM\Debug\pms.cu.obj
D:\BinhLuanVan\PMSv2\LV\PFSM\PFSM\Debug\reduction.cu.obj
D:\BinhLuanVan\PMSv2\LV\PFSM\PFSM\Debug\scanV.cu.obj
D:\BinhLuanVan\PMSv2\LV\PFSM\PFSM\Debug\scan_largearray_kernel.cu.obj
D:\BinhLuanVan\PMSv2\LV\PFSM\PFSM\Debug\cl.command.1.tlog
D:\BinhLuanVan\PMSv2\LV\PFSM\PFSM\Debug\CL.read.1.tlog
D:\BinhLuanVan\PMSv2\LV\PFSM\PFSM\Debug\CL.write.1.tlog
D:\BinhLuanVan\PMSv2\LV\PFSM\PFSM\Debug\link-cvtres.read.1.tlog
D:\BinhLuanVan\PMSv2\LV\PFSM\PFSM\Debug\link-cvtres.write.1.tlog
D:\BinhLuanVan\PMSv2\LV\PFSM\PFSM\Debug\link-rc.read.1.tlog
D:\BinhLuanVan\PMSv2\LV\PFSM\PFSM\Debug\link-rc.write.1.tlog
D:\BinhLuanVan\PMSv2\LV\PFSM\PFSM\Debug\link.command.1.tlog
D:\BinhLuanVan\PMSv2\LV\PFSM\PFSM\Debug\link.read.1.tlog
D:\BinhLuanVan\PMSv2\LV\PFSM\PFSM\Debug\link.write.1.tlog
D:\BinhLuanVan\PMSv2\LV\PFSM\PFSM\Debug\vc110.idb
D:\BinhLuanVan\PMSv2\LV\PFSM\PFSM\Debug\vc110.pdb
D:\BinhLuanVan\PMSv2\LV\PFSM\Debug\PFSM.pdb
D:\BinhLuanVan\PMSv2\LV\PFSM\Debug\PFSM.exe
D:\BinhLuanVan\PMSv2\LV\PFSM\Debug\PFSM.ilk
