Build started 7/9/2019 7:16:01 AM.
     1>Project "D:\BinhLuanVan\PMSv2\LV\PFSM\PFSM\PFSM.vcxproj" on node 2 (Build target(s)).
     1>AddCudaCompileDeps:
         C:\Program Files\Microsoft Visual Studio 11.0\VC\bin\cl.exe /E /nologo /showIncludes /TP /D__CUDACC__ /DWIN32 /D_DEBUG /D_CONSOLE /D_MBCS /I"C:\Program Files\NVIDIA GPU Computing Toolkit\CUDA\v5.5\include" /I"C:\Program Files\NVIDIA GPU Computing Toolkit\CUDA\v5.5\bin" /I"C:\Program Files\NVIDIA GPU Computing Toolkit\CUDA\v5.5\include" /I. /FIcuda_runtime.h /c D:\BinhLuanVan\PMSv2\LV\PFSM\PFSM\dfs.cu 
       AddCudaCompileDeps:
         C:\Program Files\Microsoft Visual Studio 11.0\VC\bin\cl.exe /E /nologo /showIncludes /TP /D__CUDACC__ /DWIN32 /D_DEBUG /D_CONSOLE /D_MBCS /I"C:\Program Files\NVIDIA GPU Computing Toolkit\CUDA\v5.5\include" /I"C:\Program Files\NVIDIA GPU Computing Toolkit\CUDA\v5.5\bin" /I"C:\Program Files\NVIDIA GPU Computing Toolkit\CUDA\v5.5\include" /I. /FIcuda_runtime.h /c D:\BinhLuanVan\PMSv2\LV\PFSM\PFSM\graph.cu 
       AddCudaCompileDeps:
         C:\Program Files\Microsoft Visual Studio 11.0\VC\bin\cl.exe /E /nologo /showIncludes /TP /D__CUDACC__ /DWIN32 /D_DEBUG /D_CONSOLE /D_MBCS /I"C:\Program Files\NVIDIA GPU Computing Toolkit\CUDA\v5.5\include" /I"C:\Program Files\NVIDIA GPU Computing Toolkit\CUDA\v5.5\bin" /I"C:\Program Files\NVIDIA GPU Computing Toolkit\CUDA\v5.5\include" /I. /FIcuda_runtime.h /c D:\BinhLuanVan\PMSv2\LV\PFSM\PFSM\gspan.cu 
       AddCudaCompileDeps:
         C:\Program Files\Microsoft Visual Studio 11.0\VC\bin\cl.exe /E /nologo /showIncludes /TP /D__CUDACC__ /DWIN32 /D_DEBUG /D_CONSOLE /D_MBCS /I"C:\Program Files\NVIDIA GPU Computing Toolkit\CUDA\v5.5\include" /I"C:\Program Files\NVIDIA GPU Computing Toolkit\CUDA\v5.5\bin" /I"C:\Program Files\NVIDIA GPU Computing Toolkit\CUDA\v5.5\include" /I. /FIcuda_runtime.h /c D:\BinhLuanVan\PMSv2\LV\PFSM\PFSM\ismin.cu 
       AddCudaCompileDeps:
         C:\Program Files\Microsoft Visual Studio 11.0\VC\bin\cl.exe /E /nologo /showIncludes /TP /D__CUDACC__ /DWIN32 /D_DEBUG /D_CONSOLE /D_MBCS /I"C:\Program Files\NVIDIA GPU Computing Toolkit\CUDA\v5.5\include" /I"C:\Program Files\NVIDIA GPU Computing Toolkit\CUDA\v5.5\bin" /I"C:\Program Files\NVIDIA GPU Computing Toolkit\CUDA\v5.5\include" /I. /FIcuda_runtime.h /c D:\BinhLuanVan\PMSv2\LV\PFSM\PFSM\main.cu 
       AddCudaCompileDeps:
         C:\Program Files\Microsoft Visual Studio 11.0\VC\bin\cl.exe /E /nologo /showIncludes /TP /D__CUDACC__ /DWIN32 /D_DEBUG /D_CONSOLE /D_MBCS /I"C:\Program Files\NVIDIA GPU Computing Toolkit\CUDA\v5.5\include" /I"C:\Program Files\NVIDIA GPU Computing Toolkit\CUDA\v5.5\bin" /I"C:\Program Files\NVIDIA GPU Computing Toolkit\CUDA\v5.5\include" /I. /FIcuda_runtime.h /c D:\BinhLuanVan\PMSv2\LV\PFSM\PFSM\misc.cu 
       AddCudaCompileDeps:
         C:\Program Files\Microsoft Visual Studio 11.0\VC\bin\cl.exe /E /nologo /showIncludes /TP /D__CUDACC__ /DWIN32 /D_DEBUG /D_CONSOLE /D_MBCS /I"C:\Program Files\NVIDIA GPU Computing Toolkit\CUDA\v5.5\include" /I"C:\Program Files\NVIDIA GPU Computing Toolkit\CUDA\v5.5\bin" /I"C:\Program Files\NVIDIA GPU Computing Toolkit\CUDA\v5.5\include" /I. /FIcuda_runtime.h /c D:\BinhLuanVan\PMSv2\LV\PFSM\PFSM\pms.cu 
       CudaBuild:
         Compiling CUDA source file dfs.cu...
         cmd.exe /C "C:\Users\BenCat\AppData\Local\Temp\tmp42eb51b3bfdb4c259efaf7ba00180de1.cmd"
         "C:\Program Files\NVIDIA GPU Computing Toolkit\CUDA\v5.5\bin\nvcc.exe" -gencode=arch=compute_20,code=\"sm_20,compute_20\" --use-local-env --cl-version 2012 -ccbin "C:\Program Files\Microsoft Visual Studio 11.0\VC\bin"  -I"C:\Program Files\NVIDIA GPU Computing Toolkit\CUDA\v5.5\include" -I"C:\Program Files\NVIDIA GPU Computing Toolkit\CUDA\v5.5\include"  -G   --keep-dir Debug -maxrregcount=0  --machine 32 --compile -cudart static  -g   -DWIN32 -D_DEBUG -D_CONSOLE -D_MBCS -Xcompiler "/EHsc /W3 /nologo /Od /Zi /RTC1 /MDd  " -o Debug\dfs.cu.obj "D:\BinhLuanVan\PMSv2\LV\PFSM\PFSM\dfs.cu"
         
         D:\BinhLuanVan\PMSv2\LV\PFSM\PFSM>"C:\Program Files\NVIDIA GPU Computing Toolkit\CUDA\v5.5\bin\nvcc.exe" -gencode=arch=compute_20,code=\"sm_20,compute_20\" --use-local-env --cl-version 2012 -ccbin "C:\Program Files\Microsoft Visual Studio 11.0\VC\bin"  -I"C:\Program Files\NVIDIA GPU Computing Toolkit\CUDA\v5.5\include" -I"C:\Program Files\NVIDIA GPU Computing Toolkit\CUDA\v5.5\include"  -G   --keep-dir Debug -maxrregcount=0  --machine 32 --compile -cudart static  -g   -DWIN32 -D_DEBUG -D_CONSOLE -D_MBCS -Xcompiler "/EHsc /W3 /nologo /Od /Zi /RTC1 /MDd  " -o Debug\dfs.cu.obj "D:\BinhLuanVan\PMSv2\LV\PFSM\PFSM\dfs.cu" 
     1>d:\binhluanvan\pmsv2\lv\pfsm\pfsm\gspan.cuh(111): error : identifier "DB" is undefined
     1>d:\binhluanvan\pmsv2\lv\pfsm\pfsm\castingIntToFloat.h(8): warning : inline qualifier ignored for "__global__" function
     1>d:\binhluanvan\pmsv2\lv\pfsm\pfsm\castingIntToFloat.h(9): warning : inline qualifier ignored for "__global__" function
     1>d:\binhluanvan\pmsv2\lv\pfsm\pfsm\castingIntToFloat.h(10): warning : inline qualifier ignored for "__global__" function
     1>d:\binhluanvan\pmsv2\lv\pfsm\pfsm\castingIntToFloat.h(11): warning : inline qualifier ignored for "__global__" function
     1>d:\binhluanvan\pmsv2\lv\pfsm\pfsm\pms.cuh(456): warning : variable "status" was declared but never referenced
     1>d:\binhluanvan\pmsv2\lv\pfsm\pfsm\pms.cuh(553): warning : variable "status" was declared but never referenced
     1>d:\binhluanvan\pmsv2\lv\pfsm\pfsm\pms.cuh(574): warning : variable "status" was declared but never referenced
     1>D:/BinhLuanVan/PMSv2/LV/PFSM/PFSM/dfs.cu(230): error : too many arguments in function call
     1>D:/BinhLuanVan/PMSv2/LV/PFSM/PFSM/dfs.cu(253): warning : missing return statement at end of non-void function "DFSCode::check_min"
     1>C:\Program Files\MSBuild\Microsoft.Cpp\v4.0\V110\BuildCustomizations\CUDA 5.5.targets(592,9): error MSB3721: The command ""C:\Program Files\NVIDIA GPU Computing Toolkit\CUDA\v5.5\bin\nvcc.exe" -gencode=arch=compute_20,code=\"sm_20,compute_20\" --use-local-env --cl-version 2012 -ccbin "C:\Program Files\Microsoft Visual Studio 11.0\VC\bin"  -I"C:\Program Files\NVIDIA GPU Computing Toolkit\CUDA\v5.5\include" -I"C:\Program Files\NVIDIA GPU Computing Toolkit\CUDA\v5.5\include"  -G   --keep-dir Debug -maxrregcount=0  --machine 32 --compile -cudart static  -g   -DWIN32 -D_DEBUG -D_CONSOLE -D_MBCS -Xcompiler "/EHsc /W3 /nologo /Od /Zi /RTC1 /MDd  " -o Debug\dfs.cu.obj "D:\BinhLuanVan\PMSv2\LV\PFSM\PFSM\dfs.cu"" exited with code 2.
     1>Done Building Project "D:\BinhLuanVan\PMSv2\LV\PFSM\PFSM\PFSM.vcxproj" (Build target(s)) -- FAILED.

Build FAILED.

Time Elapsed 00:00:14.36
